# JRE version: OpenJDK Runtime Environment Temurin-21.0.2+13 (21.0.2+13) (build 21.0.2+13-LTS)
# Java VM: OpenJDK 64-Bit Server VM Temurin-21.0.2+13 (21.0.2+13-LTS, mixed mode, sharing, tiered, compressed oops, compressed class ptrs, g1 gc, windows-amd64)
GC Precious Log:
 CardTable entry size: 512
 Card Set container configuration: InlinePtr #cards 5 size 8 Array Of Cards #cards 12 size 40 Howl #buckets 4 coarsen threshold 1843 Howl Bitmap #cards 512 size 80 coarsen threshold 460 Card regions per heap region 1 cards per card region 2048
 CPUs: 12 total, 12 available
 Memory: 7365M
 Large Page Support: Disabled
 NUMA Support: Disabled
 Compressed Oops: Enabled (32-bit)
 Heap Region Size: 1M
 Heap Min Capacity: 8M
 Heap Initial Capacity: 116M
 Heap Max Capacity: 1842M
 Pre-touch: Disabled
 Parallel Workers: 10
 Concurrent Workers: 3
 Concurrent Refinement Workers: 10
 Periodic GC: Disabled
Heap:
 garbage-first heap   total 223232K, used 148278K [0x000000008ce00000, 0x0000000100000000)
  region size 1024K, 83 young (84992K), 2 survivors (2048K)
 Metaspace       used 9301K, committed 9472K, reserved 1114112K
  class space    used 951K, committed 1024K, reserved 1048576K
GC Heap History (12 events):
Event: 1.376 GC heap before
{Heap before GC invocations=0 (full 0):
 garbage-first heap   total 118784K, used 43008K [0x000000008ce00000, 0x0000000100000000)
  region size 1024K, 23 young (23552K), 0 survivors (0K)
 Metaspace       used 5071K, committed 5312K, reserved 1114112K
  class space    used 515K, committed 640K, reserved 1048576K
}
Event: 1.382 GC heap after
{Heap after GC invocations=1 (full 0):
 garbage-first heap   total 118784K, used 20480K [0x000000008ce00000, 0x0000000100000000)
  region size 1024K, 3 young (3072K), 3 survivors (3072K)
 Metaspace       used 5071K, committed 5312K, reserved 1114112K
  class space    used 515K, committed 640K, reserved 1048576K
}
Event: 2.255 GC heap before
{Heap before GC invocations=1 (full 0):
 garbage-first heap   total 118784K, used 88064K [0x000000008ce00000, 0x0000000100000000)
  region size 1024K, 35 young (35840K), 3 survivors (3072K)
 Metaspace       used 5141K, committed 5376K, reserved 1114112K
  class space    used 518K, committed 640K, reserved 1048576K
}
Event: 2.260 GC heap after
{Heap after GC invocations=2 (full 0):
 garbage-first heap   total 118784K, used 56563K [0x000000008ce00000, 0x0000000100000000)
  region size 1024K, 1 young (1024K), 1 survivors (1024K)
 Metaspace       used 5141K, committed 5376K, reserved 1114112K
  class space    used 518K, committed 640K, reserved 1048576K
}
Event: 2.280 GC heap before
{Heap before GC invocations=3 (full 0):
 garbage-first heap   total 118784K, used 60659K [0x000000008ce00000, 0x0000000100000000)
  region size 1024K, 4 young (4096K), 1 survivors (1024K)
 Metaspace       used 5141K, committed 5376K, reserved 1114112K
  class space    used 518K, committed 640K, reserved 1048576K
}
Event: 2.282 GC heap after
{Heap after GC invocations=4 (full 0):
 garbage-first heap   total 118784K, used 56192K [0x000000008ce00000, 0x0000000100000000)
  region size 1024K, 1 young (1024K), 1 survivors (1024K)
 Metaspace       used 5141K, committed 5376K, reserved 1114112K
  class space    used 518K, committed 640K, reserved 1048576K
}
Event: 2.732 GC heap before
{Heap before GC invocations=5 (full 0):
 garbage-first heap   total 118784K, used 65408K [0x000000008ce00000, 0x0000000100000000)
  region size 1024K, 5 young (5120K), 1 survivors (1024K)
 Metaspace       used 7893K, committed 8128K, reserved 1114112K
  class space    used 882K, committed 960K, reserved 1048576K
}
Event: 2.735 GC heap after
{Heap after GC invocations=6 (full 0):
 garbage-first heap   total 118784K, used 62785K [0x000000008ce00000, 0x0000000100000000)
  region size 1024K, 1 young (1024K), 1 survivors (1024K)
 Metaspace       used 7893K, committed 8128K, reserved 1114112K
  class space    used 882K, committed 960K, reserved 1048576K
}
Event: 2.881 GC heap before
{Heap before GC invocations=7 (full 0):
 garbage-first heap   total 118784K, used 66881K [0x000000008ce00000, 0x0000000100000000)
  region size 1024K, 5 young (5120K), 1 survivors (1024K)
 Metaspace       used 8115K, committed 8384K, reserved 1114112K
  class space    used 910K, committed 1024K, reserved 1048576K
}
Event: 2.883 GC heap after
{Heap after GC invocations=8 (full 0):
 garbage-first heap   total 118784K, used 64338K [0x000000008ce00000, 0x0000000100000000)
  region size 1024K, 2 young (2048K), 2 survivors (2048K)
 Metaspace       used 8115K, committed 8384K, reserved 1114112K
  class space    used 910K, committed 1024K, reserved 1048576K
}
Event: 3.863 GC heap before
{Heap before GC invocations=9 (full 0):
 garbage-first heap   total 118784K, used 68434K [0x000000008ce00000, 0x0000000100000000)
  region size 1024K, 6 young (6144K), 2 survivors (2048K)
 Metaspace       used 8430K, committed 8640K, reserved 1114112K
  class space    used 914K, committed 1024K, reserved 1048576K
}
Event: 3.866 GC heap after
{Heap after GC invocations=10 (full 0):
 garbage-first heap   total 223232K, used 65334K [0x000000008ce00000, 0x0000000100000000)
  region size 1024K, 2 young (2048K), 2 survivors (2048K)
 Metaspace       used 8430K, committed 8640K, reserved 1114112K
  class space    used 914K, committed 1024K, reserved 1048576K
}

